<?xml version="1.0" encoding="UTF-8"?>
<!-- Generated by org.testng.reporters.JUnitReportReporter -->
<testsuite skipped="0" hostname="mdmislam" name="Academy.loginvalidationTest" tests="2" failures="0" timestamp="21 Nov 2018 03:22:18 GMT" time="89.383" errors="0">
  <testcase name="Login_in_Account" time="45.953" classname="Academy.loginvalidationTest"/>
  <testcase name="Login_in_Account" time="43.430" classname="Academy.loginvalidationTest"/>
</testsuite> <!-- Academy.loginvalidationTest -->
