<?xml version="1.0" encoding="UTF-8"?>
<!-- Generated by org.testng.reporters.JUnitReportReporter -->
<testsuite hostname="mdmislam" name="Academy.loginvalidationTest" tests="2" failures="0" timestamp="17 Nov 2018 13:41:33 GMT" time="56.701" errors="0">
  <testcase name="pagenavigation1" time="31.105" classname="Academy.loginvalidationTest"/>
  <testcase name="pagenavigation1" time="25.596" classname="Academy.loginvalidationTest"/>
</testsuite> <!-- Academy.loginvalidationTest -->
