<?xml version="1.0" encoding="UTF-8"?>
<!-- Generated by org.testng.reporters.JUnitReportReporter -->
<testsuite hostname="mdmislam" name="Academy.loginvalidationTest" tests="2" failures="0" timestamp="17 Nov 2018 18:19:20 GMT" time="74.656" errors="0">
  <testcase name="pagenavigation1" time="35.261" classname="Academy.loginvalidationTest"/>
  <testcase name="pagenavigation1" time="39.395" classname="Academy.loginvalidationTest"/>
</testsuite> <!-- Academy.loginvalidationTest -->
