<?xml version="1.0" encoding="UTF-8"?>
<!-- Generated by org.testng.reporters.JUnitReportReporter -->
<testsuite skipped="0" hostname="mdmislam" name="Academy.loginvalidationTest" tests="2" failures="0" timestamp="18 Nov 2018 15:48:59 GMT" time="86.280" errors="0">
  <testcase name="pagenavigation1" time="39.273" classname="Academy.loginvalidationTest"/>
  <testcase name="pagenavigation1" time="47.007" classname="Academy.loginvalidationTest"/>
</testsuite> <!-- Academy.loginvalidationTest -->
