<?xml version="1.0" encoding="UTF-8"?>
<!-- Generated by org.testng.reporters.JUnitReportReporter -->
<testsuite skipped="0" hostname="mdmislam" name="Mobile.AppTest" tests="1" failures="0" timestamp="18 Nov 2018 15:48:59 GMT" time="14.179" errors="0">
  <testcase name="Test" time="14.179" classname="Mobile.AppTest"/>
</testsuite> <!-- Mobile.AppTest -->
