<?xml version="1.0" encoding="UTF-8"?>
<!-- Generated by org.testng.reporters.JUnitReportReporter -->
<testsuite skipped="0" hostname="mdmislam" name="Academy.loginvalidationTest" tests="2" failures="0" timestamp="17 Nov 2018 18:19:36 GMT" time="81.798" errors="0">
  <testcase name="pagenavigation1" time="44.872" classname="Academy.loginvalidationTest"/>
  <testcase name="pagenavigation1" time="36.926" classname="Academy.loginvalidationTest"/>
</testsuite> <!-- Academy.loginvalidationTest -->
