<?xml version="1.0" encoding="UTF-8"?>
<!-- Generated by org.testng.reporters.JUnitReportReporter -->
<testsuite skipped="0" hostname="mdmislam" name="Academy.loginvalidationTest" tests="2" failures="0" timestamp="19 Nov 2018 12:22:48 GMT" time="278.713" errors="0">
  <testcase name="Login_in_Account" time="36.586" classname="Academy.loginvalidationTest"/>
  <testcase name="Login_in_Account" time="242.127" classname="Academy.loginvalidationTest"/>
</testsuite> <!-- Academy.loginvalidationTest -->
