<?xml version="1.0" encoding="UTF-8"?>
<!-- Generated by org.testng.reporters.JUnitReportReporter -->
<testsuite skipped="0" hostname="mdmislam" name="Mobile.BrowseTest" tests="1" failures="0" timestamp="19 Nov 2018 12:22:48 GMT" time="0.002" errors="0">
  <testcase name="Appium_Server_Started" time="0.002" classname="Mobile.BrowseTest"/>
</testsuite> <!-- Mobile.BrowseTest -->
