<?xml version="1.0" encoding="UTF-8"?>
<!-- Generated by org.testng.reporters.JUnitReportReporter -->
<testsuite skipped="0" hostname="mdmislam" name="Academy.loginvalidationTest" tests="2" failures="0" timestamp="17 Nov 2018 18:05:35 GMT" time="55.358" errors="0">
  <testcase name="pagenavigation1" time="27.726" classname="Academy.loginvalidationTest"/>
  <testcase name="pagenavigation1" time="27.632" classname="Academy.loginvalidationTest"/>
</testsuite> <!-- Academy.loginvalidationTest -->
