<?xml version="1.0" encoding="UTF-8"?>
<!-- Generated by org.testng.reporters.JUnitReportReporter -->
<testsuite skipped="0" hostname="mdmislam" name="Mobile.AppTest" tests="1" failures="0" timestamp="19 Nov 2018 12:22:48 GMT" time="15.240" errors="0">
  <testcase name="Drag_and_down" time="15.240" classname="Mobile.AppTest"/>
</testsuite> <!-- Mobile.AppTest -->
