<?xml version="1.0" encoding="UTF-8"?>
<!-- Generated by org.testng.reporters.JUnitReportReporter -->
<testsuite skipped="0" hostname="mdmislam" name="Mobile.BrowseTest" tests="1" failures="0" timestamp="18 Nov 2018 15:48:59 GMT" time="0.002" errors="0">
  <testcase name="Test2" time="0.002" classname="Mobile.BrowseTest"/>
</testsuite> <!-- Mobile.BrowseTest -->
